<?xml version="1.0" encoding="UTF-8"?>
<!-- Generated by org.testng.reporters.JUnitXMLReporter -->
<testsuite hostname="LAPTOP-7HUNRUID" ignored="0" name="Surefire test" tests="6" failures="0" timestamp="14 Apr 2020 16:42:51 GMT" time="31.03" errors="0">
  <testcase name="bankManagerShouldAddCustomerSuccessfully" time="4.643" classname="com.bank.testsuite.BankTest"/>
  <testcase name="bankManagerShouldOpenAccountSuccessfully" time="1.551" classname="com.bank.testsuite.BankTest"/>
  <testcase name="customerShouldLoginAndLogoutSuccessfully" time="1.923" classname="com.bank.testsuite.BankTest"/>
  <testcase name="customerShouldDepositMoneySuccessfully" time="1.646" classname="com.bank.testsuite.BankTest"/>
  <testcase name="customerShouldWithdrawMoneySuccessfully" time="1.483" classname="com.bank.testsuite.BankTest"/>
  <testcase name="bankManagerShouldDeleteCustomerSuccessfully" time="0.917" classname="com.bank.testsuite.BankTest"/>
</testsuite> <!-- Surefire test -->
