<?xml version="1.0" encoding="UTF-8"?>
<testsuite xmlns:xsi="http://www.w3.org/2001/XMLSchema-instance" xsi:noNamespaceSchemaLocation="https://maven.apache.org/surefire/maven-surefire-plugin/xsd/surefire-test-report.xsd" name="TestSuite" time="32.405" tests="6" errors="0" skipped="0" failures="0">
  <properties>
[...]
</properties>
  <testcase name="bankManagerShouldAddCustomerSuccessfully" classname="com.bank.testsuite.BankTest" time="4.647"/>
  <testcase name="bankManagerShouldOpenAccountSuccessfully" classname="com.bank.testsuite.BankTest" time="1.543"/>
  <testcase name="customerShouldLoginAndLogoutSuccessfully" classname="com.bank.testsuite.BankTest" time="1.923"/>
  <testcase name="customerShouldDepositMoneySuccessfully" classname="com.bank.testsuite.BankTest" time="1.646"/>
  <testcase name="customerShouldWithdrawMoneySuccessfully" classname="com.bank.testsuite.BankTest" time="1.482"/>
  <testcase name="bankManagerShouldDeleteCustomerSuccessfully" classname="com.bank.testsuite.BankTest" time="0.917"/>
</testsuite>