<?xml version="1.0" encoding="UTF-8"?>
<testsuite name="Bank Test"
           tests="6"
           failures="0"
           errors="0"
           skipped="0"
           time="10.700">
  <properties />
  
  
            <testcase name="customerShouldWithdrawMoneySuccessfully" time="1.694" classname="com.bank.testsuite.BankTest" />
                <testcase name="bankManagerShouldAddCustomerSuccessfully" time="3.113" classname="com.bank.testsuite.BankTest" />
                <testcase name="bankManagerShouldDeleteCustomerSuccessfully" time="1.015" classname="com.bank.testsuite.BankTest" />
                <testcase name="bankManagerShouldOpenAccountSuccessfully" time="1.467" classname="com.bank.testsuite.BankTest" />
                <testcase name="customerShouldLoginAndLogoutSuccessfully" time="1.675" classname="com.bank.testsuite.BankTest" />
                <testcase name="customerShouldDepositMoneySuccessfully" time="1.736" classname="com.bank.testsuite.BankTest" />
      
</testsuite>
